Connecting to database specified by database.yml


Started GET "/" for 127.0.0.1 at 2014-08-28 14:53:03 +0300
Processing by HomeController#index as HTML
Completed 500 Internal Server Error in 33ms

ActiveRecord::StatementInvalid - Could not find table 'users':
  activerecord (3.2.14) lib/active_record/connection_adapters/sqlite_adapter.rb:472:in `table_structure'
  activerecord (3.2.14) lib/active_record/connection_adapters/sqlite_adapter.rb:346:in `columns'
  activerecord (3.2.14) lib/active_record/connection_adapters/schema_cache.rb:12:in `block in initialize'
  activerecord (3.2.14) lib/active_record/model_schema.rb:229:in `columns'
  activerecord (3.2.14) lib/active_record/model_schema.rb:238:in `columns_hash'
  activerecord (3.2.14) lib/active_record/locking/optimistic.rb:131:in `locking_enabled?'
  activerecord (3.2.14) lib/active_record/relation.rb:170:in `exec_queries'
  activerecord (3.2.14) lib/active_record/relation.rb:160:in `block in to_a'
  activerecord (3.2.14) lib/active_record/explain.rb:34:in `logging_query_plan'
  activerecord (3.2.14) lib/active_record/relation.rb:159:in `to_a'
  activerecord (3.2.14) lib/active_record/relation/finder_methods.rb:159:in `all'
  activerecord (3.2.14) lib/active_record/querying.rb:5:in `all'
  app/controllers/home_controller.rb:3:in `index'
  actionpack (3.2.14) lib/action_controller/metal/implicit_render.rb:4:in `send_action'
  actionpack (3.2.14) lib/abstract_controller/base.rb:167:in `process_action'
  actionpack (3.2.14) lib/action_controller/metal/rendering.rb:10:in `process_action'
  actionpack (3.2.14) lib/abstract_controller/callbacks.rb:18:in `block in process_action'
  activesupport (3.2.14) lib/active_support/callbacks.rb:414:in `_run__615719487342534947__process_action__2967809365553607265__callbacks'
  activesupport (3.2.14) lib/active_support/callbacks.rb:405:in `__run_callback'
  activesupport (3.2.14) lib/active_support/callbacks.rb:385:in `_run_process_action_callbacks'
  activesupport (3.2.14) lib/active_support/callbacks.rb:81:in `run_callbacks'
  actionpack (3.2.14) lib/abstract_controller/callbacks.rb:17:in `process_action'
  actionpack (3.2.14) lib/action_controller/metal/rescue.rb:29:in `process_action'
  actionpack (3.2.14) lib/action_controller/metal/instrumentation.rb:30:in `block in process_action'
  activesupport (3.2.14) lib/active_support/notifications.rb:123:in `block in instrument'
  activesupport (3.2.14) lib/active_support/notifications/instrumenter.rb:20:in `instrument'
  activesupport (3.2.14) lib/active_support/notifications.rb:123:in `instrument'
  actionpack (3.2.14) lib/action_controller/metal/instrumentation.rb:29:in `process_action'
  actionpack (3.2.14) lib/action_controller/metal/params_wrapper.rb:207:in `process_action'
  activerecord (3.2.14) lib/active_record/railties/controller_runtime.rb:18:in `process_action'
  actionpack (3.2.14) lib/abstract_controller/base.rb:121:in `process'
  actionpack (3.2.14) lib/abstract_controller/rendering.rb:45:in `process'
  actionpack (3.2.14) lib/action_controller/metal.rb:203:in `dispatch'
  actionpack (3.2.14) lib/action_controller/metal/rack_delegation.rb:14:in `dispatch'
  actionpack (3.2.14) lib/action_controller/metal.rb:246:in `block in action'
  actionpack (3.2.14) lib/action_dispatch/routing/route_set.rb:73:in `dispatch'
  actionpack (3.2.14) lib/action_dispatch/routing/route_set.rb:36:in `call'
  journey (1.0.4) lib/journey/router.rb:68:in `block in call'
  journey (1.0.4) lib/journey/router.rb:56:in `call'
  actionpack (3.2.14) lib/action_dispatch/routing/route_set.rb:608:in `call'
  warden (1.2.3) lib/warden/manager.rb:35:in `block in call'
  warden (1.2.3) lib/warden/manager.rb:34:in `call'
  actionpack (3.2.14) lib/action_dispatch/middleware/best_standards_support.rb:17:in `call'
  rack (1.4.5) lib/rack/etag.rb:23:in `call'
  rack (1.4.5) lib/rack/conditionalget.rb:25:in `call'
  actionpack (3.2.14) lib/action_dispatch/middleware/head.rb:14:in `call'
  actionpack (3.2.14) lib/action_dispatch/middleware/params_parser.rb:21:in `call'
  actionpack (3.2.14) lib/action_dispatch/middleware/flash.rb:242:in `call'
  rack (1.4.5) lib/rack/session/abstract/id.rb:210:in `context'
  rack (1.4.5) lib/rack/session/abstract/id.rb:205:in `call'
  actionpack (3.2.14) lib/action_dispatch/middleware/cookies.rb:341:in `call'
  activerecord (3.2.14) lib/active_record/query_cache.rb:64:in `call'
  activerecord (3.2.14) lib/active_record/connection_adapters/abstract/connection_pool.rb:479:in `call'
  actionpack (3.2.14) lib/action_dispatch/middleware/callbacks.rb:28:in `block in call'
  activesupport (3.2.14) lib/active_support/callbacks.rb:405:in `_run__711040236974249467__call__3933584464126993173__callbacks'
  activesupport (3.2.14) lib/active_support/callbacks.rb:405:in `__run_callback'
  activesupport (3.2.14) lib/active_support/callbacks.rb:385:in `_run_call_callbacks'
  activesupport (3.2.14) lib/active_support/callbacks.rb:81:in `run_callbacks'
  actionpack (3.2.14) lib/action_dispatch/middleware/callbacks.rb:27:in `call'
  actionpack (3.2.14) lib/action_dispatch/middleware/reloader.rb:65:in `call'
  actionpack (3.2.14) lib/action_dispatch/middleware/remote_ip.rb:31:in `call'
  better_errors (0.9.0) lib/better_errors/middleware.rb:84:in `protected_app_call'
  better_errors (0.9.0) lib/better_errors/middleware.rb:79:in `better_errors_call'
  better_errors (0.9.0) lib/better_errors/middleware.rb:56:in `call'
  actionpack (3.2.14) lib/action_dispatch/middleware/debug_exceptions.rb:16:in `call'
  actionpack (3.2.14) lib/action_dispatch/middleware/show_exceptions.rb:56:in `call'
  railties (3.2.14) lib/rails/rack/logger.rb:32:in `call_app'
  railties (3.2.14) lib/rails/rack/logger.rb:16:in `block in call'
  activesupport (3.2.14) lib/active_support/tagged_logging.rb:22:in `tagged'
  railties (3.2.14) lib/rails/rack/logger.rb:16:in `call'
  quiet_assets (1.0.2) lib/quiet_assets.rb:18:in `call_with_quiet_assets'
  actionpack (3.2.14) lib/action_dispatch/middleware/request_id.rb:22:in `call'
  rack (1.4.5) lib/rack/methodoverride.rb:21:in `call'
  rack (1.4.5) lib/rack/runtime.rb:17:in `call'
  activesupport (3.2.14) lib/active_support/cache/strategy/local_cache.rb:72:in `call'
  rack (1.4.5) lib/rack/lock.rb:15:in `call'
  actionpack (3.2.14) lib/action_dispatch/middleware/static.rb:63:in `call'
  railties (3.2.14) lib/rails/engine.rb:484:in `call'
  railties (3.2.14) lib/rails/application.rb:231:in `call'
  rack (1.4.5) lib/rack/content_length.rb:14:in `call'
  railties (3.2.14) lib/rails/rack/log_tailer.rb:17:in `call'
  rack (1.4.5) lib/rack/handler/webrick.rb:59:in `service'
  /Users/eaksyon/.rvm/rubies/ruby-2.0.0-p247/lib/ruby/2.0.0/webrick/httpserver.rb:138:in `service'
  /Users/eaksyon/.rvm/rubies/ruby-2.0.0-p247/lib/ruby/2.0.0/webrick/httpserver.rb:94:in `run'
  /Users/eaksyon/.rvm/rubies/ruby-2.0.0-p247/lib/ruby/2.0.0/webrick/server.rb:295:in `block in start_thread'



Started POST "/__better_errors/70109658466460/variables" for 127.0.0.1 at 2014-08-28 14:53:03 +0300
Connecting to database specified by database.yml
  [1m[36m (1.4ms)[0m  [1mselect sqlite_version(*)[0m
  [1m[35m (2.8ms)[0m  CREATE TABLE "schema_migrations" ("version" varchar(255) NOT NULL) 
  [1m[36m (1.5ms)[0m  [1mCREATE UNIQUE INDEX "unique_schema_migrations" ON "schema_migrations" ("version")[0m
  [1m[35m (0.5ms)[0m  SELECT "schema_migrations"."version" FROM "schema_migrations" 
Migrating to DeviseCreateUsers (20120129231330)
  [1m[36m (0.1ms)[0m  [1mbegin transaction[0m
  [1m[35m (0.6ms)[0m  CREATE TABLE "users" ("id" INTEGER PRIMARY KEY AUTOINCREMENT NOT NULL, "email" varchar(255) DEFAULT '' NOT NULL, "encrypted_password" varchar(255) DEFAULT '' NOT NULL, "reset_password_token" varchar(255), "reset_password_sent_at" datetime, "remember_created_at" datetime, "sign_in_count" integer DEFAULT 0, "current_sign_in_at" datetime, "last_sign_in_at" datetime, "current_sign_in_ip" varchar(255), "last_sign_in_ip" varchar(255), "created_at" datetime NOT NULL, "updated_at" datetime NOT NULL) 
  [1m[36m (27.5ms)[0m  [1mCREATE UNIQUE INDEX "index_users_on_email" ON "users" ("email")[0m
  [1m[35m (0.1ms)[0m  CREATE UNIQUE INDEX "index_users_on_reset_password_token" ON "users" ("reset_password_token")
  [1m[36m (0.1ms)[0m  [1mINSERT INTO "schema_migrations" ("version") VALUES ('20120129231330')[0m
  [1m[35m (2.0ms)[0m  commit transaction
Migrating to AddNameToUsers (20120129231333)
  [1m[36m (0.0ms)[0m  [1mbegin transaction[0m
  [1m[35m (0.9ms)[0m  ALTER TABLE "users" ADD "name" varchar(255)
  [1m[36m (0.2ms)[0m  [1mINSERT INTO "schema_migrations" ("version") VALUES ('20120129231333')[0m
  [1m[35m (1.6ms)[0m  commit transaction
  [1m[36m (0.1ms)[0m  [1mSELECT "schema_migrations"."version" FROM "schema_migrations" [0m
Connecting to database specified by database.yml
  [1m[36m (0.1ms)[0m  [1mSELECT "schema_migrations"."version" FROM "schema_migrations" [0m
  [1m[35mUser Load (0.2ms)[0m  SELECT "users".* FROM "users" WHERE "users"."email" = 'eaksyon@softserveinc.com' LIMIT 1
  [1m[36m (0.1ms)[0m  [1mbegin transaction[0m
  [1m[35mUser Exists (0.2ms)[0m  SELECT 1 AS one FROM "users" WHERE "users"."email" = 'eaksyon@softserveinc.com' LIMIT 1
Binary data inserted for `string` type on column `encrypted_password`
  [1m[36mSQL (26.3ms)[0m  [1mINSERT INTO "users" ("created_at", "current_sign_in_at", "current_sign_in_ip", "email", "encrypted_password", "last_sign_in_at", "last_sign_in_ip", "name", "remember_created_at", "reset_password_sent_at", "reset_password_token", "sign_in_count", "updated_at") VALUES (?, ?, ?, ?, ?, ?, ?, ?, ?, ?, ?, ?, ?)[0m  [["created_at", Thu, 28 Aug 2014 13:51:20 UTC +00:00], ["current_sign_in_at", nil], ["current_sign_in_ip", nil], ["email", "eaksyon@softserveinc.com"], ["encrypted_password", "$2a$10$jK.YdvySu/eGi2L15xfJL.9hoyS.XQ2rzU9C3zuMtmu5ZoK2wfno."], ["last_sign_in_at", nil], ["last_sign_in_ip", nil], ["name", "eaksyon"], ["remember_created_at", nil], ["reset_password_sent_at", nil], ["reset_password_token", nil], ["sign_in_count", 0], ["updated_at", Thu, 28 Aug 2014 13:51:20 UTC +00:00]]
  [1m[35m (7.5ms)[0m  commit transaction
Connecting to database specified by database.yml


Started GET "/" for 127.0.0.1 at 2014-08-28 16:51:53 +0300
Processing by HomeController#index as HTML
  [1m[36mUser Load (0.1ms)[0m  [1mSELECT "users".* FROM "users" [0m
  Rendered home/index.html.erb within layouts/application (6.1ms)
Compiled home.css  (4ms)  (pid 71623)
Compiled application.css  (168ms)  (pid 71623)
Compiled jquery.js  (5ms)  (pid 71623)
Compiled jquery_ujs.js  (0ms)  (pid 71623)
Compiled home.js  (1003ms)  (pid 71623)
Compiled application.js  (1308ms)  (pid 71623)
  Rendered layouts/_navigation.html.erb (2.4ms)
  Rendered layouts/_messages.html.erb (2.4ms)
Completed 200 OK in 1860ms (Views: 1792.1ms | ActiveRecord: 1.7ms)


Started GET "/users/sign_in" for 127.0.0.1 at 2014-08-28 16:52:06 +0300
Processing by Devise::SessionsController#new as HTML
  Rendered devise/shared/_links.html.erb (2.8ms)
  Rendered /Users/eaksyon/.rvm/gems/ruby-2.0.0-p247@rails3-devise-rspec-cucumber/gems/devise-3.0.3/app/views/devise/sessions/new.html.erb within layouts/application (127.3ms)
  Rendered layouts/_navigation.html.erb (0.9ms)
  Rendered layouts/_messages.html.erb (0.1ms)
Completed 200 OK in 139ms (Views: 136.8ms | ActiveRecord: 0.0ms)


Started POST "/users/sign_in" for 127.0.0.1 at 2014-08-28 16:52:47 +0300
Processing by Devise::SessionsController#create as HTML
  Parameters: {"utf8"=>"✓", "authenticity_token"=>"BVisBZKYWuWkpbQzG4eAmA2dM1GPAZ4fbHla4TR9Gsc=", "user"=>{"email"=>"evgeniy.aksyonov@gmail.com", "password"=>"[FILTERED]", "remember_me"=>"0"}, "commit"=>"Sign in"}
  [1m[35mUser Load (0.3ms)[0m  SELECT "users".* FROM "users" WHERE "users"."email" = 'evgeniy.aksyonov@gmail.com' LIMIT 1
Completed 401 Unauthorized in 38ms
Processing by Devise::SessionsController#new as HTML
  Parameters: {"utf8"=>"✓", "authenticity_token"=>"BVisBZKYWuWkpbQzG4eAmA2dM1GPAZ4fbHla4TR9Gsc=", "user"=>{"email"=>"evgeniy.aksyonov@gmail.com", "password"=>"[FILTERED]", "remember_me"=>"0"}, "commit"=>"Sign in"}
  Rendered devise/shared/_links.html.erb (1.1ms)
  Rendered /Users/eaksyon/.rvm/gems/ruby-2.0.0-p247@rails3-devise-rspec-cucumber/gems/devise-3.0.3/app/views/devise/sessions/new.html.erb within layouts/application (13.5ms)
  Rendered layouts/_navigation.html.erb (0.8ms)
  Rendered layouts/_messages.html.erb (0.1ms)
Completed 200 OK in 115ms (Views: 23.3ms | ActiveRecord: 0.0ms)


Started POST "/users/sign_in" for 127.0.0.1 at 2014-08-28 16:53:30 +0300
Processing by Devise::SessionsController#create as HTML
  Parameters: {"utf8"=>"✓", "authenticity_token"=>"BVisBZKYWuWkpbQzG4eAmA2dM1GPAZ4fbHla4TR9Gsc=", "user"=>{"email"=>"eaksyon@softserveinc.com", "password"=>"[FILTERED]", "remember_me"=>"0"}, "commit"=>"Sign in"}
  [1m[36mUser Load (0.3ms)[0m  [1mSELECT "users".* FROM "users" WHERE "users"."email" = 'eaksyon@softserveinc.com' LIMIT 1[0m
  [1m[35m (0.1ms)[0m  begin transaction
  [1m[36m (0.5ms)[0m  [1mUPDATE "users" SET "last_sign_in_at" = '2014-08-28 13:53:30.477060', "current_sign_in_at" = '2014-08-28 13:53:30.477060', "last_sign_in_ip" = '127.0.0.1', "current_sign_in_ip" = '127.0.0.1', "sign_in_count" = 1, "updated_at" = '2014-08-28 13:53:30.478396' WHERE "users"."id" = 1[0m
  [1m[35m (1.8ms)[0m  commit transaction
Redirected to http://localhost:3000/
Completed 302 Found in 512ms (ActiveRecord: 0.0ms)


Started GET "/" for 127.0.0.1 at 2014-08-28 16:53:30 +0300
  [1m[36mUser Load (0.4ms)[0m  [1mSELECT "users".* FROM "users" WHERE "users"."id" = 1 LIMIT 1[0m
Processing by HomeController#index as HTML
  [1m[35mUser Load (0.3ms)[0m  SELECT "users".* FROM "users" 
  Rendered home/index.html.erb within layouts/application (1.0ms)
  Rendered layouts/_navigation.html.erb (0.8ms)
  Rendered layouts/_messages.html.erb (0.1ms)
Completed 200 OK in 30ms (Views: 28.3ms | ActiveRecord: 0.3ms)


Started GET "/users/1" for 127.0.0.1 at 2014-08-28 16:53:37 +0300
Processing by UsersController#show as HTML
  Parameters: {"id"=>"1"}
  [1m[36mUser Load (0.3ms)[0m  [1mSELECT "users".* FROM "users" WHERE "users"."id" = 1 LIMIT 1[0m
  [1m[35mUser Load (0.7ms)[0m  SELECT "users".* FROM "users" WHERE "users"."id" = ? LIMIT 1  [["id", "1"]]
  Rendered users/show.html.erb within layouts/application (0.6ms)
  Rendered layouts/_navigation.html.erb (0.7ms)
  Rendered layouts/_messages.html.erb (0.0ms)
Completed 200 OK in 15ms (Views: 9.4ms | ActiveRecord: 1.0ms)


Started GET "/users/edit" for 127.0.0.1 at 2014-08-28 16:53:41 +0300
Processing by Devise::RegistrationsController#edit as HTML
  [1m[36mUser Load (0.3ms)[0m  [1mSELECT "users".* FROM "users" WHERE "users"."id" = 1 LIMIT 1[0m
  Rendered devise/registrations/edit.html.erb within layouts/application (5.1ms)
  Rendered layouts/_navigation.html.erb (1.2ms)
  Rendered layouts/_messages.html.erb (0.1ms)
Completed 200 OK in 26ms (Views: 22.2ms | ActiveRecord: 0.3ms)


Started GET "/" for 127.0.0.1 at 2014-08-28 16:54:14 +0300
  [1m[35mUser Load (0.3ms)[0m  SELECT "users".* FROM "users" WHERE "users"."id" = 1 LIMIT 1
Processing by HomeController#index as HTML
  [1m[36mUser Load (0.2ms)[0m  [1mSELECT "users".* FROM "users" [0m
  Rendered home/index.html.erb within layouts/application (0.7ms)
  Rendered layouts/_navigation.html.erb (2.7ms)
  Rendered layouts/_messages.html.erb (0.1ms)
Completed 200 OK in 15ms (Views: 14.0ms | ActiveRecord: 0.2ms)


Started DELETE "/users/sign_out" for 127.0.0.1 at 2014-08-28 16:54:31 +0300
Processing by Devise::SessionsController#destroy as HTML
  Parameters: {"authenticity_token"=>"pEikwee51MmDgzP8WyooYTHWXiWuA38C3PanB2+4Cbw="}
  [1m[35mUser Load (0.2ms)[0m  SELECT "users".* FROM "users" WHERE "users"."id" = 1 LIMIT 1
  [1m[36m (0.1ms)[0m  [1mbegin transaction[0m
  [1m[35m (0.1ms)[0m  commit transaction
Redirected to http://localhost:3000/
Completed 302 Found in 19ms (ActiveRecord: 0.4ms)


Started GET "/" for 127.0.0.1 at 2014-08-28 16:54:31 +0300
Processing by HomeController#index as HTML
  [1m[36mUser Load (0.2ms)[0m  [1mSELECT "users".* FROM "users" [0m
  Rendered home/index.html.erb within layouts/application (0.5ms)
  Rendered layouts/_navigation.html.erb (0.8ms)
  Rendered layouts/_messages.html.erb (0.1ms)
Completed 200 OK in 12ms (Views: 10.4ms | ActiveRecord: 0.2ms)


Started GET "/users/1" for 127.0.0.1 at 2014-08-28 16:54:33 +0300
Processing by UsersController#show as HTML
  Parameters: {"id"=>"1"}
Completed 401 Unauthorized in 0ms


Started GET "/users/sign_in" for 127.0.0.1 at 2014-08-28 16:54:33 +0300
Processing by Devise::SessionsController#new as HTML
  Rendered devise/shared/_links.html.erb (1.0ms)
  Rendered /Users/eaksyon/.rvm/gems/ruby-2.0.0-p247@rails3-devise-rspec-cucumber/gems/devise-3.0.3/app/views/devise/sessions/new.html.erb within layouts/application (4.9ms)
  Rendered layouts/_navigation.html.erb (1.2ms)
  Rendered layouts/_messages.html.erb (0.1ms)
Completed 200 OK in 14ms (Views: 13.0ms | ActiveRecord: 0.0ms)


Started GET "/users/sign_up" for 127.0.0.1 at 2014-08-28 16:54:36 +0300
Processing by Devise::RegistrationsController#new as HTML
  Rendered devise/shared/_links.html.erb (0.4ms)
  Rendered devise/registrations/new.html.erb within layouts/application (7.7ms)
  Rendered layouts/_navigation.html.erb (1.2ms)
  Rendered layouts/_messages.html.erb (0.1ms)
Completed 200 OK in 51ms (Views: 49.6ms | ActiveRecord: 0.0ms)


Started POST "/users" for 127.0.0.1 at 2014-08-28 16:55:09 +0300
Processing by Devise::RegistrationsController#create as HTML
  Parameters: {"utf8"=>"✓", "authenticity_token"=>"V1P7QNrQAbHZtIvJ12hRToCJJzXHVKooVZznNizw0wU=", "user"=>{"name"=>"User1", "email"=>"fallenaxe2@yahoo.com", "password"=>"[FILTERED]", "password_confirmation"=>"[FILTERED]"}, "commit"=>"Sign up"}
  [1m[35m (0.1ms)[0m  begin transaction
  [1m[36mUser Exists (0.2ms)[0m  [1mSELECT 1 AS one FROM "users" WHERE "users"."email" = 'fallenaxe2@yahoo.com' LIMIT 1[0m
  [1m[35m (0.1ms)[0m  rollback transaction
  Rendered devise/shared/_links.html.erb (0.5ms)
  Rendered devise/registrations/new.html.erb within layouts/application (6.4ms)
  Rendered layouts/_navigation.html.erb (1.3ms)
  Rendered layouts/_messages.html.erb (0.1ms)
Completed 200 OK in 159ms (Views: 14.5ms | ActiveRecord: 0.0ms)


Started POST "/users" for 127.0.0.1 at 2014-08-28 16:55:19 +0300
Processing by Devise::RegistrationsController#create as HTML
  Parameters: {"utf8"=>"✓", "authenticity_token"=>"V1P7QNrQAbHZtIvJ12hRToCJJzXHVKooVZznNizw0wU=", "user"=>{"name"=>"User1", "email"=>"fallenaxe2@yahoo.com", "password"=>"[FILTERED]", "password_confirmation"=>"[FILTERED]"}, "commit"=>"Sign up"}
  [1m[36m (0.3ms)[0m  [1mbegin transaction[0m
  [1m[35mUser Exists (0.2ms)[0m  SELECT 1 AS one FROM "users" WHERE "users"."email" = 'fallenaxe2@yahoo.com' LIMIT 1
Binary data inserted for `string` type on column `encrypted_password`
  [1m[36mSQL (0.7ms)[0m  [1mINSERT INTO "users" ("created_at", "current_sign_in_at", "current_sign_in_ip", "email", "encrypted_password", "last_sign_in_at", "last_sign_in_ip", "name", "remember_created_at", "reset_password_sent_at", "reset_password_token", "sign_in_count", "updated_at") VALUES (?, ?, ?, ?, ?, ?, ?, ?, ?, ?, ?, ?, ?)[0m  [["created_at", Thu, 28 Aug 2014 13:55:19 UTC +00:00], ["current_sign_in_at", nil], ["current_sign_in_ip", nil], ["email", "fallenaxe2@yahoo.com"], ["encrypted_password", "$2a$10$32.F0ySPdt.W9t3WUqns/OEHRZ9OIWWi01YUzW3aqfLFzGvxPiTk."], ["last_sign_in_at", nil], ["last_sign_in_ip", nil], ["name", "User1"], ["remember_created_at", nil], ["reset_password_sent_at", nil], ["reset_password_token", nil], ["sign_in_count", 0], ["updated_at", Thu, 28 Aug 2014 13:55:19 UTC +00:00]]
  [1m[35m (2.1ms)[0m  commit transaction
  [1m[36m (0.1ms)[0m  [1mbegin transaction[0m
  [1m[35m (0.3ms)[0m  UPDATE "users" SET "last_sign_in_at" = '2014-08-28 13:55:19.747017', "current_sign_in_at" = '2014-08-28 13:55:19.747017', "last_sign_in_ip" = '127.0.0.1', "current_sign_in_ip" = '127.0.0.1', "sign_in_count" = 1, "updated_at" = '2014-08-28 13:55:19.747521' WHERE "users"."id" = 2
  [1m[36m (1.7ms)[0m  [1mcommit transaction[0m
Redirected to http://localhost:3000/users/1
Completed 302 Found in 113ms (ActiveRecord: 0.0ms)


Started GET "/users/1" for 127.0.0.1 at 2014-08-28 16:55:19 +0300
Processing by UsersController#show as HTML
  Parameters: {"id"=>"1"}
  [1m[35mUser Load (0.2ms)[0m  SELECT "users".* FROM "users" WHERE "users"."id" = 2 LIMIT 1
  [1m[36mUser Load (0.1ms)[0m  [1mSELECT "users".* FROM "users" WHERE "users"."id" = ? LIMIT 1[0m  [["id", "1"]]
  Rendered users/show.html.erb within layouts/application (0.1ms)
  Rendered layouts/_navigation.html.erb (1.2ms)
  Rendered layouts/_messages.html.erb (0.1ms)
Completed 200 OK in 12ms (Views: 9.2ms | ActiveRecord: 0.3ms)


Started GET "/" for 127.0.0.1 at 2014-08-28 16:55:26 +0300
  [1m[35mUser Load (0.2ms)[0m  SELECT "users".* FROM "users" WHERE "users"."id" = 2 LIMIT 1
Processing by HomeController#index as HTML
  [1m[36mUser Load (0.2ms)[0m  [1mSELECT "users".* FROM "users" [0m
  Rendered home/index.html.erb within layouts/application (1.1ms)
  Rendered layouts/_navigation.html.erb (52.0ms)
  Rendered layouts/_messages.html.erb (0.1ms)
Completed 200 OK in 66ms (Views: 64.3ms | ActiveRecord: 0.2ms)


Started GET "/users/2" for 127.0.0.1 at 2014-08-28 16:55:29 +0300
Processing by UsersController#show as HTML
  Parameters: {"id"=>"2"}
  [1m[35mUser Load (0.5ms)[0m  SELECT "users".* FROM "users" WHERE "users"."id" = 2 LIMIT 1
  [1m[36mUser Load (1.0ms)[0m  [1mSELECT "users".* FROM "users" WHERE "users"."id" = ? LIMIT 1[0m  [["id", "2"]]
  Rendered users/show.html.erb within layouts/application (0.1ms)
  Rendered layouts/_navigation.html.erb (0.9ms)
  Rendered layouts/_messages.html.erb (0.1ms)
Completed 200 OK in 14ms (Views: 8.4ms | ActiveRecord: 1.5ms)


Started GET "/" for 127.0.0.1 at 2014-08-28 16:55:36 +0300
  [1m[35mUser Load (0.2ms)[0m  SELECT "users".* FROM "users" WHERE "users"."id" = 2 LIMIT 1
Processing by HomeController#index as HTML
  [1m[36mUser Load (0.2ms)[0m  [1mSELECT "users".* FROM "users" [0m
  Rendered home/index.html.erb within layouts/application (1.0ms)
  Rendered layouts/_navigation.html.erb (0.6ms)
  Rendered layouts/_messages.html.erb (0.0ms)
Completed 200 OK in 11ms (Views: 9.0ms | ActiveRecord: 0.2ms)


Started GET "/" for 127.0.0.1 at 2014-08-28 17:03:02 +0300
  [1m[35mUser Load (0.2ms)[0m  SELECT "users".* FROM "users" WHERE "users"."id" = 2 LIMIT 1
Processing by HomeController#index as HTML
  [1m[36mUser Load (0.2ms)[0m  [1mSELECT "users".* FROM "users" [0m
  Rendered home/index.html.erb within layouts/application (0.7ms)
  Rendered layouts/_navigation.html.erb (0.9ms)
  Rendered layouts/_messages.html.erb (0.1ms)
Completed 200 OK in 12ms (Views: 10.5ms | ActiveRecord: 0.2ms)


Started GET "/" for 127.0.0.1 at 2014-08-28 17:05:17 +0300
  [1m[35mUser Load (0.2ms)[0m  SELECT "users".* FROM "users" WHERE "users"."id" = 2 LIMIT 1
Processing by HomeController#index as HTML
  [1m[36mUser Load (0.2ms)[0m  [1mSELECT "users".* FROM "users" [0m
  Rendered home/index.html.erb within layouts/application (1.0ms)
  Rendered layouts/_navigation.html.erb (2.0ms)
  Rendered layouts/_messages.html.erb (0.1ms)
Completed 200 OK in 26ms (Views: 24.7ms | ActiveRecord: 0.2ms)


Started GET "/" for 127.0.0.1 at 2014-08-28 17:05:56 +0300
  [1m[35mUser Load (0.2ms)[0m  SELECT "users".* FROM "users" WHERE "users"."id" = 2 LIMIT 1
Processing by HomeController#index as HTML
  [1m[36mUser Load (0.1ms)[0m  [1mSELECT "users".* FROM "users" [0m
  Rendered home/index.html.erb within layouts/application (1.7ms)
  Rendered layouts/_navigation.html.erb (1.8ms)
  Rendered layouts/_messages.html.erb (0.2ms)
Completed 200 OK in 19ms (Views: 18.3ms | ActiveRecord: 0.1ms)


Started GET "/users/edit" for 127.0.0.1 at 2014-08-28 17:05:59 +0300
Processing by Devise::RegistrationsController#edit as HTML
  [1m[35mUser Load (1.3ms)[0m  SELECT "users".* FROM "users" WHERE "users"."id" = 2 LIMIT 1
  Rendered devise/registrations/edit.html.erb within layouts/application (4.9ms)
  Rendered layouts/_navigation.html.erb (0.8ms)
  Rendered layouts/_messages.html.erb (0.1ms)
Completed 200 OK in 30ms (Views: 26.6ms | ActiveRecord: 1.3ms)


Started GET "/" for 127.0.0.1 at 2014-08-28 17:06:05 +0300
  [1m[36mUser Load (0.2ms)[0m  [1mSELECT "users".* FROM "users" WHERE "users"."id" = 2 LIMIT 1[0m
Processing by HomeController#index as HTML
  [1m[35mUser Load (0.1ms)[0m  SELECT "users".* FROM "users" 
  Rendered home/index.html.erb within layouts/application (0.6ms)
  Rendered layouts/_navigation.html.erb (0.6ms)
  Rendered layouts/_messages.html.erb (0.0ms)
Completed 200 OK in 7ms (Views: 6.1ms | ActiveRecord: 0.1ms)


Started GET "/" for 127.0.0.1 at 2014-08-28 17:06:13 +0300
  [1m[36mUser Load (0.2ms)[0m  [1mSELECT "users".* FROM "users" WHERE "users"."id" = 2 LIMIT 1[0m
Processing by HomeController#index as HTML
  [1m[35mUser Load (0.1ms)[0m  SELECT "users".* FROM "users" 
  Rendered home/index.html.erb within layouts/application (0.6ms)
  Rendered layouts/_navigation.html.erb (0.7ms)
  Rendered layouts/_messages.html.erb (0.1ms)
Completed 200 OK in 7ms (Views: 6.5ms | ActiveRecord: 0.1ms)
Connecting to database specified by database.yml
  [1m[36m (11.3ms)[0m  [1mSELECT "schema_migrations"."version" FROM "schema_migrations" [0m
Migrating to DeviseCreateUsers (20120129231330)
Migrating to AddNameToUsers (20120129231333)
  [1m[35m (0.2ms)[0m  select sqlite_version(*)
  [1m[36m (0.1ms)[0m  [1mSELECT "schema_migrations"."version" FROM "schema_migrations" [0m
Connecting to database specified by database.yml
  [1m[36m (0.1ms)[0m  [1mSELECT "schema_migrations"."version" FROM "schema_migrations" [0m
  [1m[35mUser Load (0.7ms)[0m  SELECT "users".* FROM "users" WHERE "users"."email" = 'eaksyon@softserveinc.com' LIMIT 1
Connecting to database specified by database.yml


Started GET "/" for 127.0.0.1 at 2014-08-28 17:19:39 +0300
  [1m[36mUser Load (0.2ms)[0m  [1mSELECT "users".* FROM "users" WHERE "users"."id" = 2 LIMIT 1[0m
Processing by HomeController#index as HTML
  [1m[35mUser Load (0.2ms)[0m  SELECT "users".* FROM "users" 
  Rendered home/index.html.erb within layouts/application (3.0ms)
Compiled jquery.js  (5ms)  (pid 75216)
Compiled jquery_ujs.js  (1ms)  (pid 75216)
Compiled application.js  (182ms)  (pid 75216)
  Rendered layouts/_navigation.html.erb (1.5ms)
  Rendered layouts/_messages.html.erb (0.5ms)
Completed 200 OK in 352ms (Views: 350.0ms | ActiveRecord: 0.2ms)
Connecting to database specified by database.yml
